gcc -Wall -Wextra -pthread -O2 -g -c name_server.c -o name_server.o
name_server.c: In function ‘put_in_cache’:
name_server.c:205:5: warning: ‘__builtin_strncpy’ specified bound 256 equals destination size [-Wstringop-truncation]
  205 |     strncpy(entry->filename, filename, MAX_FILENAME);
      |     ^
name_server.c: In function ‘register_storage_server’:
name_server.c:396:5: warning: ‘__builtin_strncpy’ specified bound 16 equals destination size [-Wstringop-truncation]
  396 |     strncpy(ss->ip, ip, MAX_IP_LEN);
      |     ^
name_server.c: In function ‘register_client’:
name_server.c:512:5: warning: ‘__builtin_strncpy’ specified bound 64 equals destination size [-Wstringop-truncation]
  512 |     strncpy(client->username, username, MAX_USERNAME);
      |     ^
name_server.c:513:5: warning: ‘__builtin_strncpy’ specified bound 16 equals destination size [-Wstringop-truncation]
  513 |     strncpy(client->ip, ip, MAX_IP_LEN);
      |     ^
name_server.c: In function ‘add_access’:
name_server.c:612:5: warning: ‘__builtin_strncpy’ specified bound 64 equals destination size [-Wstringop-truncation]
  612 |     strncpy(new_entry->username, username, MAX_USERNAME);
      |     ^
gcc -Wall -Wextra -pthread -O2 -g -c name_server_ops.c -o name_server_ops.o
name_server_ops.c: In function ‘handle_exec_file’:
name_server_ops.c:395:26: warning: comparison of integer expressions of different signedness: ‘int’ and ‘long unsigned int’ [-Wsign-compare]
  395 |         if (offset + len < sizeof(output) - 1) {
      |                          ^
name_server_ops.c: In function ‘handle_view_files’:
name_server_ops.c:67:9: warning: ‘__builtin_strncpy’ output may be truncated copying 16383 bytes from a string of length 16383 [-Wstringop-truncation]
   67 |         strncpy(response, buffer, BUFFER_SIZE * 4 - 1);
      |         ^
name_server_ops.c: In function ‘handle_list_users’:
name_server_ops.c:486:9: warning: ‘__builtin_strncpy’ output may be truncated copying 4095 bytes from a string of length 4095 [-Wstringop-truncation]
  486 |         strncpy(response, buffer, BUFFER_SIZE - 1);
      |         ^
name_server_ops.c: In function ‘handle_create_file’:
name_server_ops.c:118:5: warning: ‘__builtin_strncpy’ specified bound 256 equals destination size [-Wstringop-truncation]
  118 |     strncpy(metadata->filename, filename, MAX_FILENAME);
      |     ^
gcc -Wall -Wextra -pthread -O2 -g -c name_server_main.c -o name_server_main.o
gcc name_server.o name_server_ops.o name_server_main.o -o name_server -pthread
Name Server built successfully!
gcc -Wall -Wextra -pthread -O2 -g -c storage_server.c -o storage_server.o
gcc -Wall -Wextra -pthread -O2 -g -c storage_server_ops.c -o storage_server_ops.o
gcc -Wall -Wextra -pthread -O2 -g -c storage_server_main.c -o storage_server_main.o
gcc storage_server.o storage_server_ops.o storage_server_main.o -o storage_server -pthread
Storage Server built successfully!
gcc -Wall -Wextra -pthread -O2 -g -c client_core.c -o client_core.o
gcc -Wall -Wextra -pthread -O2 -g -c client_nm_ops.c -o client_nm_ops.o
gcc -Wall -Wextra -pthread -O2 -g -c client_ss_ops.c -o client_ss_ops.o
gcc -Wall -Wextra -pthread -O2 -g -c client.c -o client.o
gcc client_core.o client_nm_ops.o client_ss_ops.o client.o -o client -pthread
Client built successfully!
